<?xml version="1.0" encoding="UTF-8" ?>
<testsuite failures="0" time="0.052" errors="0" skipped="0" tests="49" name="org.skyscreamer.nevado.jms.properties.PropertyConversionTest">
  <properties>
    <property name="java.runtime.name" value="Java(TM) SE Runtime Environment"/>
    <property name="sun.boot.library.path" value="E:\ProgramFiles\Java\jre6\bin"/>
    <property name="java.vm.version" value="20.10-b01"/>
    <property name="java.vm.vendor" value="Sun Microsystems Inc."/>
    <property name="java.vendor.url" value="http://java.sun.com/"/>
    <property name="path.separator" value=";"/>
    <property name="guice.disable.misplaced.annotation.check" value="true"/>
    <property name="java.vm.name" value="Java HotSpot(TM) 64-Bit Server VM"/>
    <property name="file.encoding.pkg" value="sun.io"/>
    <property name="user.country" value="IN"/>
    <property name="sun.java.launcher" value="SUN_STANDARD"/>
    <property name="sun.os.patch.level" value="Service Pack 1"/>
    <property name="java.vm.specification.name" value="Java Virtual Machine Specification"/>
    <property name="user.dir" value="E:\utsav\GitHub\nevado"/>
    <property name="java.runtime.version" value="1.6.0_35-b10"/>
    <property name="java.awt.graphicsenv" value="sun.awt.Win32GraphicsEnvironment"/>
    <property name="java.endorsed.dirs" value="E:\ProgramFiles\Java\jre6\lib\endorsed"/>
    <property name="os.arch" value="amd64"/>
    <property name="java.io.tmpdir" value="C:\Users\USF344\AppData\Local\Temp\"/>
    <property name="line.separator" value="
"/>
    <property name="java.vm.specification.vendor" value="Sun Microsystems Inc."/>
    <property name="user.variant" value=""/>
    <property name="os.name" value="Windows 7"/>
    <property name="classworlds.conf" value="E:\utsav\WS\.metadata\.plugins\org.eclipse.m2e.core\launches\m2conf566814270740398340.tmp"/>
    <property name="sun.jnu.encoding" value="Cp1252"/>
    <property name="java.library.path" value="E:\ProgramFiles\Java\jre6\bin;C:\Windows\Sun\Java\bin;C:\Windows\system32;C:\Windows;C:\Windows\system32;C:\Windows;C:\Windows\System32\Wbem;C:\Windows\System32\WindowsPowerShell\v1.0\;C:\Program Files\WIDCOMM\Bluetooth Software\;C:\Program Files\WIDCOMM\Bluetooth Software\syswow64;;E:\ProgramFiles\WinMerge;E:\utsav\apache-maven-3.0.4\bin;E:\ProgramFiles\Java\jdk1.6.0_35\bin;C:\Program Files\TortoiseSVN\bin;E:\ProgramFiles\MySQL\MySQLServer5.5\bin;E:\utsav\apache-ant-1.8.4\bin;."/>
    <property name="java.specification.name" value="Java Platform API Specification"/>
    <property name="java.class.version" value="50.0"/>
    <property name="sun.management.compiler" value="HotSpot 64-Bit Tiered Compilers"/>
    <property name="os.version" value="6.1"/>
    <property name="user.home" value="C:\Users\USF344"/>
    <property name="user.timezone" value="Asia/Calcutta"/>
    <property name="java.awt.printerjob" value="sun.awt.windows.WPrinterJob"/>
    <property name="file.encoding" value="Cp1252"/>
    <property name="java.specification.version" value="1.6"/>
    <property name="user.name" value="USF344"/>
    <property name="java.class.path" value="/E:/utsav/eclipseJunoSR1/configuration/org.eclipse.osgi/bundles/804/1/.cp/jars/plexus-classworlds-2.4.jar"/>
    <property name="java.vm.specification.version" value="1.0"/>
    <property name="sun.arch.data.model" value="64"/>
    <property name="java.home" value="E:\ProgramFiles\Java\jre6"/>
    <property name="sun.java.command" value="org.codehaus.plexus.classworlds.launcher.Launcher -B -s E:\utsav\apache-maven-3.0.4\conf\settings.xml install"/>
    <property name="java.specification.vendor" value="Sun Microsystems Inc."/>
    <property name="user.language" value="en"/>
    <property name="awt.toolkit" value="sun.awt.windows.WToolkit"/>
    <property name="java.vm.info" value="mixed mode"/>
    <property name="java.version" value="1.6.0_35"/>
    <property name="java.ext.dirs" value="E:\ProgramFiles\Java\jre6\lib\ext;C:\Windows\Sun\Java\lib\ext"/>
    <property name="sun.boot.class.path" value="E:\ProgramFiles\Java\jre6\lib\resources.jar;E:\ProgramFiles\Java\jre6\lib\rt.jar;E:\ProgramFiles\Java\jre6\lib\jsse.jar;E:\ProgramFiles\Java\jre6\lib\jce.jar;E:\ProgramFiles\Java\jre6\lib\charsets.jar;E:\ProgramFiles\Java\jdk1.6.0_35\jre\endorsed\webservices-api-2.2.1-1.jar"/>
    <property name="java.vendor" value="Sun Microsystems Inc."/>
    <property name="maven.home" value="E:\utsav\GitHub\nevado\EMBEDDED"/>
    <property name="file.separator" value="\"/>
    <property name="java.vendor.url.bug" value="http://java.sun.com/cgi-bin/bugreport.cgi"/>
    <property name="sun.cpu.endian" value="little"/>
    <property name="sun.io.unicode.encoding" value="UnicodeLittle"/>
    <property name="sun.desktop" value="windows"/>
    <property name="sun.cpu.isalist" value="amd64"/>
  </properties>
  <testcase time="0.013" classname="org.skyscreamer.nevado.jms.properties.PropertyConversionTest" name="ybFail"/>
  <testcase time="0.001" classname="org.skyscreamer.nevado.jms.properties.PropertyConversionTest" name="sbFail"/>
  <testcase time="0" classname="org.skyscreamer.nevado.jms.properties.PropertyConversionTest" name="cbFail"/>
  <testcase time="0.001" classname="org.skyscreamer.nevado.jms.properties.PropertyConversionTest" name="ibFail"/>
  <testcase time="0" classname="org.skyscreamer.nevado.jms.properties.PropertyConversionTest" name="lbFail"/>
  <testcase time="0.001" classname="org.skyscreamer.nevado.jms.properties.PropertyConversionTest" name="fbFail"/>
  <testcase time="0" classname="org.skyscreamer.nevado.jms.properties.PropertyConversionTest" name="dbFail"/>
  <testcase time="0.001" classname="org.skyscreamer.nevado.jms.properties.PropertyConversionTest" name="zbFail"/>
  <testcase time="0.001" classname="org.skyscreamer.nevado.jms.properties.PropertyConversionTest" name="byFail"/>
  <testcase time="0" classname="org.skyscreamer.nevado.jms.properties.PropertyConversionTest" name="syFail"/>
  <testcase time="0.001" classname="org.skyscreamer.nevado.jms.properties.PropertyConversionTest" name="cyFail"/>
  <testcase time="0" classname="org.skyscreamer.nevado.jms.properties.PropertyConversionTest" name="iyFail"/>
  <testcase time="0" classname="org.skyscreamer.nevado.jms.properties.PropertyConversionTest" name="lyFail"/>
  <testcase time="0.001" classname="org.skyscreamer.nevado.jms.properties.PropertyConversionTest" name="fyFail"/>
  <testcase time="0" classname="org.skyscreamer.nevado.jms.properties.PropertyConversionTest" name="dyFail"/>
  <testcase time="0.001" classname="org.skyscreamer.nevado.jms.properties.PropertyConversionTest" name="zyFail"/>
  <testcase time="0.001" classname="org.skyscreamer.nevado.jms.properties.PropertyConversionTest" name="bhFail"/>
  <testcase time="0.001" classname="org.skyscreamer.nevado.jms.properties.PropertyConversionTest" name="chFail"/>
  <testcase time="0" classname="org.skyscreamer.nevado.jms.properties.PropertyConversionTest" name="ihFail"/>
  <testcase time="0.001" classname="org.skyscreamer.nevado.jms.properties.PropertyConversionTest" name="lhFail"/>
  <testcase time="0.001" classname="org.skyscreamer.nevado.jms.properties.PropertyConversionTest" name="fhFail"/>
  <testcase time="0" classname="org.skyscreamer.nevado.jms.properties.PropertyConversionTest" name="dhFail"/>
  <testcase time="0.001" classname="org.skyscreamer.nevado.jms.properties.PropertyConversionTest" name="zhFail"/>
  <testcase time="0" classname="org.skyscreamer.nevado.jms.properties.PropertyConversionTest" name="biFail"/>
  <testcase time="0.001" classname="org.skyscreamer.nevado.jms.properties.PropertyConversionTest" name="ciFail"/>
  <testcase time="0" classname="org.skyscreamer.nevado.jms.properties.PropertyConversionTest" name="liFail"/>
  <testcase time="0.001" classname="org.skyscreamer.nevado.jms.properties.PropertyConversionTest" name="fiFail"/>
  <testcase time="0" classname="org.skyscreamer.nevado.jms.properties.PropertyConversionTest" name="diFail"/>
  <testcase time="0.001" classname="org.skyscreamer.nevado.jms.properties.PropertyConversionTest" name="ziFail"/>
  <testcase time="0.001" classname="org.skyscreamer.nevado.jms.properties.PropertyConversionTest" name="blFail"/>
  <testcase time="0" classname="org.skyscreamer.nevado.jms.properties.PropertyConversionTest" name="clFail"/>
  <testcase time="0.001" classname="org.skyscreamer.nevado.jms.properties.PropertyConversionTest" name="dlFail"/>
  <testcase time="0" classname="org.skyscreamer.nevado.jms.properties.PropertyConversionTest" name="flFail"/>
  <testcase time="0.001" classname="org.skyscreamer.nevado.jms.properties.PropertyConversionTest" name="zlFail"/>
  <testcase time="0" classname="org.skyscreamer.nevado.jms.properties.PropertyConversionTest" name="bfFail"/>
  <testcase time="0.001" classname="org.skyscreamer.nevado.jms.properties.PropertyConversionTest" name="yfFail"/>
  <testcase time="0" classname="org.skyscreamer.nevado.jms.properties.PropertyConversionTest" name="hfFail"/>
  <testcase time="0" classname="org.skyscreamer.nevado.jms.properties.PropertyConversionTest" name="cfFail"/>
  <testcase time="0" classname="org.skyscreamer.nevado.jms.properties.PropertyConversionTest" name="ifFail"/>
  <testcase time="0.001" classname="org.skyscreamer.nevado.jms.properties.PropertyConversionTest" name="lfFail"/>
  <testcase time="0" classname="org.skyscreamer.nevado.jms.properties.PropertyConversionTest" name="dfFail"/>
  <testcase time="0.001" classname="org.skyscreamer.nevado.jms.properties.PropertyConversionTest" name="zfFail"/>
  <testcase time="0" classname="org.skyscreamer.nevado.jms.properties.PropertyConversionTest" name="bdFail"/>
  <testcase time="0.001" classname="org.skyscreamer.nevado.jms.properties.PropertyConversionTest" name="ydFail"/>
  <testcase time="0.001" classname="org.skyscreamer.nevado.jms.properties.PropertyConversionTest" name="hdFail"/>
  <testcase time="0" classname="org.skyscreamer.nevado.jms.properties.PropertyConversionTest" name="cdFail"/>
  <testcase time="0" classname="org.skyscreamer.nevado.jms.properties.PropertyConversionTest" name="idFail"/>
  <testcase time="0.001" classname="org.skyscreamer.nevado.jms.properties.PropertyConversionTest" name="ldFail"/>
  <testcase time="0.003" classname="org.skyscreamer.nevado.jms.properties.PropertyConversionTest" name="testSupportedConversions"/>
</testsuite>